# JRE version: OpenJDK Runtime Environment Temurin-17.0.8+7 (17.0.8+7) (build 17.0.8+7)
# Java VM: OpenJDK 64-Bit Server VM Temurin-17.0.8+7 (17.0.8+7, mixed mode, sharing, tiered, compressed oops, compressed class ptrs, g1 gc, windows-amd64)
GC Precious Log:
 CPUs: 12 total, 12 available
 Memory: 31962M
 Large Page Support: Disabled
 NUMA Support: Disabled
 Compressed Oops: Enabled (Zero based)
 Heap Region Size: 16M
 Heap Min Capacity: 256M
 Heap Initial Capacity: 256M
 Heap Max Capacity: 20000M
 Pre-touch: Disabled
 Parallel Workers: 10
 Concurrent Workers: 3
 Concurrent Refinement Workers: 10
 Periodic GC: Disabled
Heap:
 garbage-first heap   total 1376256K, used 484954K [0x000000031e000000, 0x0000000800000000)
  region size 16384K, 5 young (81920K), 0 survivors (0K)
 Metaspace       used 184097K, committed 186304K, reserved 1245184K
  class space    used 31640K, committed 32640K, reserved 1048576K
GC Heap History (20 events):
Event: 13.439 GC heap before
{Heap before GC invocations=31 (full 0):
 garbage-first heap   total 983040K, used 816018K [0x000000031e000000, 0x0000000800000000)
  region size 16384K, 33 young (540672K), 1 survivors (16384K)
 Metaspace       used 88776K, committed 90560K, reserved 1179648K
  class space    used 13022K, committed 13824K, reserved 1048576K
}
Event: 13.444 GC heap after
{Heap after GC invocations=32 (full 0):
 garbage-first heap   total 983040K, used 300549K [0x000000031e000000, 0x0000000800000000)
  region size 16384K, 1 young (16384K), 1 survivors (16384K)
 Metaspace       used 88776K, committed 90560K, reserved 1179648K
  class space    used 13022K, committed 13824K, reserved 1048576K
}
Event: 14.917 GC heap before
{Heap before GC invocations=32 (full 0):
 garbage-first heap   total 983040K, used 824837K [0x000000031e000000, 0x0000000800000000)
  region size 16384K, 33 young (540672K), 1 survivors (16384K)
 Metaspace       used 99261K, committed 101184K, reserved 1179648K
  class space    used 14329K, committed 15168K, reserved 1048576K
}
Event: 14.924 GC heap after
{Heap after GC invocations=33 (full 0):
 garbage-first heap   total 983040K, used 312009K [0x000000031e000000, 0x0000000800000000)
  region size 16384K, 2 young (32768K), 2 survivors (32768K)
 Metaspace       used 99261K, committed 101184K, reserved 1179648K
  class space    used 14329K, committed 15168K, reserved 1048576K
}
Event: 15.254 GC heap before
{Heap before GC invocations=33 (full 0):
 garbage-first heap   total 983040K, used 819913K [0x000000031e000000, 0x0000000800000000)
  region size 16384K, 33 young (540672K), 2 survivors (32768K)
 Metaspace       used 108546K, committed 110464K, reserved 1179648K
  class space    used 15850K, committed 16704K, reserved 1048576K
}
Event: 15.263 GC heap after
{Heap after GC invocations=34 (full 0):
 garbage-first heap   total 983040K, used 307258K [0x000000031e000000, 0x0000000800000000)
  region size 16384K, 3 young (49152K), 3 survivors (49152K)
 Metaspace       used 108546K, committed 110464K, reserved 1179648K
  class space    used 15850K, committed 16704K, reserved 1048576K
}
Event: 15.480 GC heap before
{Heap before GC invocations=34 (full 0):
 garbage-first heap   total 983040K, used 536634K [0x000000031e000000, 0x0000000800000000)
  region size 16384K, 18 young (294912K), 3 survivors (49152K)
 Metaspace       used 116752K, committed 118720K, reserved 1179648K
  class space    used 17120K, committed 18048K, reserved 1048576K
}
Event: 15.491 GC heap after
{Heap after GC invocations=35 (full 0):
 garbage-first heap   total 2080768K, used 315628K [0x000000031e000000, 0x0000000800000000)
  region size 16384K, 3 young (49152K), 3 survivors (49152K)
 Metaspace       used 116752K, committed 118720K, reserved 1179648K
  class space    used 17120K, committed 18048K, reserved 1048576K
}
Event: 17.944 GC heap before
{Heap before GC invocations=36 (full 0):
 garbage-first heap   total 1376256K, used 1233132K [0x000000031e000000, 0x0000000800000000)
  region size 16384K, 60 young (983040K), 3 survivors (49152K)
 Metaspace       used 158451K, committed 160576K, reserved 1245184K
  class space    used 27073K, committed 28032K, reserved 1048576K
}
Event: 17.966 GC heap after
{Heap after GC invocations=37 (full 0):
 garbage-first heap   total 1376256K, used 375043K [0x000000031e000000, 0x0000000800000000)
  region size 16384K, 7 young (114688K), 7 survivors (114688K)
 Metaspace       used 158451K, committed 160576K, reserved 1245184K
  class space    used 27073K, committed 28032K, reserved 1048576K
}
Event: 19.100 GC heap before
{Heap before GC invocations=38 (full 0):
 garbage-first heap   total 1376256K, used 1079555K [0x000000031e000000, 0x0000000800000000)
  region size 16384K, 50 young (819200K), 7 survivors (114688K)
 Metaspace       used 169543K, committed 171648K, reserved 1245184K
  class space    used 29090K, committed 30016K, reserved 1048576K
}
Event: 19.124 GC heap after
{Heap after GC invocations=39 (full 0):
 garbage-first heap   total 1376256K, used 394315K [0x000000031e000000, 0x0000000800000000)
  region size 16384K, 2 young (32768K), 2 survivors (32768K)
 Metaspace       used 169543K, committed 171648K, reserved 1245184K
  class space    used 29090K, committed 30016K, reserved 1048576K
}
Event: 19.640 GC heap before
{Heap before GC invocations=39 (full 0):
 garbage-first heap   total 1376256K, used 1115211K [0x000000031e000000, 0x0000000800000000)
  region size 16384K, 46 young (753664K), 2 survivors (32768K)
 Metaspace       used 178210K, committed 180352K, reserved 1245184K
  class space    used 30711K, committed 31680K, reserved 1048576K
}
Event: 19.659 GC heap after
{Heap after GC invocations=40 (full 0):
 garbage-first heap   total 1376256K, used 439931K [0x000000031e000000, 0x0000000800000000)
  region size 16384K, 5 young (81920K), 5 survivors (81920K)
 Metaspace       used 178210K, committed 180352K, reserved 1245184K
  class space    used 30711K, committed 31680K, reserved 1048576K
}
Event: 20.157 GC heap before
{Heap before GC invocations=40 (full 0):
 garbage-first heap   total 1376256K, used 1078907K [0x000000031e000000, 0x0000000800000000)
  region size 16384K, 44 young (720896K), 5 survivors (81920K)
 Metaspace       used 179305K, committed 181504K, reserved 1245184K
  class space    used 30863K, committed 31808K, reserved 1048576K
}
Event: 20.174 GC heap after
{Heap after GC invocations=41 (full 0):
 garbage-first heap   total 1376256K, used 466090K [0x000000031e000000, 0x0000000800000000)
  region size 16384K, 3 young (49152K), 3 survivors (49152K)
 Metaspace       used 179305K, committed 181504K, reserved 1245184K
  class space    used 30863K, committed 31808K, reserved 1048576K
}
Event: 20.652 GC heap before
{Heap before GC invocations=41 (full 0):
 garbage-first heap   total 1376256K, used 1039530K [0x000000031e000000, 0x0000000800000000)
  region size 16384K, 40 young (655360K), 3 survivors (49152K)
 Metaspace       used 183817K, committed 186048K, reserved 1245184K
  class space    used 31584K, committed 32576K, reserved 1048576K
}
Event: 20.794 GC heap after
{Heap after GC invocations=42 (full 1):
 garbage-first heap   total 1376256K, used 418589K [0x000000031e000000, 0x0000000800000000)
  region size 16384K, 0 young (0K), 0 survivors (0K)
 Metaspace       used 183817K, committed 186048K, reserved 1245184K
  class space    used 31584K, committed 32576K, reserved 1048576K
}
Event: 20.824 GC heap before
{Heap before GC invocations=42 (full 1):
 garbage-first heap   total 1376256K, used 451357K [0x000000031e000000, 0x0000000800000000)
  region size 16384K, 3 young (49152K), 0 survivors (0K)
 Metaspace       used 183985K, committed 186176K, reserved 1245184K
  class space    used 31623K, committed 32576K, reserved 1048576K
}
Event: 20.926 GC heap after
{Heap after GC invocations=43 (full 2):
 garbage-first heap   total 1376256K, used 419418K [0x000000031e000000, 0x0000000800000000)
  region size 16384K, 0 young (0K), 0 survivors (0K)
 Metaspace       used 183985K, committed 186176K, reserved 1245184K
  class space    used 31623K, committed 32576K, reserved 1048576K
}

